<?xml version="1.0" encoding="utf-8"?><testsuites name="pytest tests"><testsuite name="pytest" errors="0" failures="0" skipped="0" tests="9" time="4.581" timestamp="2026-02-25T04:02:17.628509+00:00" hostname="agent-env-ba61057d-26fa-4ccf-9d81-04dc48acf872"><testcase classname="backend.tests.test_design_validation.TestDesignValidationBackend" name="test_health_check" time="0.293" /><testcase classname="backend.tests.test_design_validation.TestDesignValidationBackend" name="test_create_design_with_optimal_dimensions" time="0.843" /><testcase classname="backend.tests.test_design_validation.TestDesignValidationBackend" name="test_create_design_with_acceptable_dimensions" time="0.471" /><testcase classname="backend.tests.test_design_validation.TestDesignValidationBackend" name="test_create_design_with_low_resolution" time="0.350" /><testcase classname="backend.tests.test_design_validation.TestDesignValidationBackend" name="test_create_design_with_format_conversion_needed" time="0.563" /><testcase classname="backend.tests.test_design_validation.TestDesignValidationBackend" name="test_create_design_with_background_cleanup" time="0.470" /><testcase classname="backend.tests.test_design_validation.TestDesignValidationBackend" name="test_create_design_with_embroidery_warning" time="0.531" /><testcase classname="backend.tests.test_design_validation.TestDesignValidationBackend" name="test_create_design_with_multiple_admin_flags" time="0.261" /><testcase classname="backend.tests.test_design_validation.TestDesignValidationBackend" name="test_design_analysis_stored_correctly" time="0.705" /></testsuite></testsuites>