<?xml version="1.0" encoding="utf-8"?><testsuites name="pytest tests"><testsuite name="pytest" errors="0" failures="0" skipped="0" tests="11" time="2.541" timestamp="2026-02-25T03:09:29.034819+00:00" hostname="agent-env-ba61057d-26fa-4ccf-9d81-04dc48acf872"><testcase classname="backend.tests.test_dashboard_features.TestDesignCreationWithProducts" name="test_create_design_with_product_configs" time="0.152" /><testcase classname="backend.tests.test_dashboard_features.TestDesignCreationWithProducts" name="test_create_draft_design_without_products" time="0.129" /><testcase classname="backend.tests.test_dashboard_features.TestDesignCreationWithProducts" name="test_create_design_with_embroidery_products" time="0.115" /><testcase classname="backend.tests.test_dashboard_features.TestDesignStatusFiltering" name="test_get_designs_returns_product_configs" time="0.119" /><testcase classname="backend.tests.test_dashboard_features.TestDesignStatusFiltering" name="test_get_single_design_with_full_data" time="0.263" /><testcase classname="backend.tests.test_dashboard_features.TestDesignDeletion" name="test_delete_draft_design" time="0.399" /><testcase classname="backend.tests.test_dashboard_features.TestCreatorEarnings" name="test_get_creator_earnings" time="0.199" /><testcase classname="backend.tests.test_dashboard_features.TestUserProfile" name="test_get_user_profile" time="0.148" /><testcase classname="backend.tests.test_dashboard_features.TestFileUpload" name="test_upload_requires_file" time="0.118" /><testcase classname="backend.tests.test_dashboard_features.TestFileUpload" name="test_upload_with_invalid_auth" time="0.123" /><testcase classname="backend.tests.test_dashboard_features.TestProductConfigs" name="test_all_five_product_types" time="0.701" /></testsuite></testsuites>