<?xml version="1.0" encoding="utf-8"?><testsuites name="pytest tests"><testsuite name="pytest" errors="0" failures="1" skipped="0" tests="10" time="2.589" timestamp="2026-02-25T03:09:15.059363+00:00" hostname="agent-env-ba61057d-26fa-4ccf-9d81-04dc48acf872"><testcase classname="backend.tests.test_dashboard_features.TestDesignCreationWithProducts" name="test_create_design_with_product_configs" time="0.213" /><testcase classname="backend.tests.test_dashboard_features.TestDesignCreationWithProducts" name="test_create_draft_design_without_products" time="0.165" /><testcase classname="backend.tests.test_dashboard_features.TestDesignCreationWithProducts" name="test_create_design_with_embroidery_products" time="0.164" /><testcase classname="backend.tests.test_dashboard_features.TestDesignStatusFiltering" name="test_get_designs_returns_product_configs" time="0.109" /><testcase classname="backend.tests.test_dashboard_features.TestDesignStatusFiltering" name="test_get_single_design_with_full_data" time="0.231" /><testcase classname="backend.tests.test_dashboard_features.TestDesignDeletion" name="test_delete_draft_design" time="0.358" /><testcase classname="backend.tests.test_dashboard_features.TestCreatorEarnings" name="test_get_creator_earnings" time="0.162" /><testcase classname="backend.tests.test_dashboard_features.TestUserProfile" name="test_get_user_profile" time="0.215" /><testcase classname="backend.tests.test_dashboard_features.TestFileUpload" name="test_upload_requires_auth" time="0.123"><failure message="assert 422 == 401&#10; +  where 422 = &lt;Response [422]&gt;.status_code">backend/tests/test_dashboard_features.py:268: in test_upload_requires_auth
    assert response.status_code == 401
E   assert 422 == 401
E    +  where 422 = &lt;Response [422]&gt;.status_code</failure></testcase><testcase classname="backend.tests.test_dashboard_features.TestProductConfigs" name="test_all_five_product_types" time="0.754" /></testsuite></testsuites>