<?xml version="1.0" encoding="utf-8"?><testsuites name="pytest tests"><testsuite name="pytest" errors="0" failures="0" skipped="0" tests="11" time="4.442" timestamp="2026-02-22T10:41:20.894053+00:00" hostname="agent-env-ba61057d-26fa-4ccf-9d81-04dc48acf872"><testcase classname="backend.tests.test_live_products.TestStorefrontProducts" name="test_storefront_returns_only_approved_live_products" time="0.340" /><testcase classname="backend.tests.test_live_products.TestAdminLiveProducts" name="test_get_live_products_requires_auth" time="0.140" /><testcase classname="backend.tests.test_live_products.TestAdminLiveProducts" name="test_get_live_products_returns_all_approved" time="0.593" /><testcase classname="backend.tests.test_live_products.TestAdminLiveProducts" name="test_live_products_includes_all_statuses" time="0.168" /><testcase classname="backend.tests.test_live_products.TestProductStatusUpdate" name="test_update_status_requires_auth" time="0.259" /><testcase classname="backend.tests.test_live_products.TestProductStatusUpdate" name="test_update_status_to_disabled" time="0.618" /><testcase classname="backend.tests.test_live_products.TestProductStatusUpdate" name="test_update_status_to_out_of_stock" time="0.467" /><testcase classname="backend.tests.test_live_products.TestProductStatusUpdate" name="test_update_status_to_live" time="0.521" /><testcase classname="backend.tests.test_live_products.TestProductStatusUpdate" name="test_update_status_invalid_status" time="0.261" /><testcase classname="backend.tests.test_live_products.TestProductStatusUpdate" name="test_update_status_nonexistent_product" time="0.104" /><testcase classname="backend.tests.test_live_products.TestStorefrontFiltering" name="test_storefront_excludes_disabled_products" time="0.900" /></testsuite></testsuites>